

times in msec
 clock   self+sourced   self:  sourced script
 clock   elapsed:              other lines

000.019  000.019: --- NVIM STARTING ---
001.288  001.269: locale set
001.984  000.697: inits 1
002.004  000.020: window checked
002.009  000.005: parsing arguments
005.048  003.039: expanding arguments
005.109  000.061: inits 2
005.622  000.513: init highlight
005.624  000.003: waiting for UI
007.544  001.920: done waiting for UI
007.561  000.017: init screen for UI
007.587  000.026: init default mappings
007.637  000.050: init default autocommands
009.546  000.083  000.083: sourcing /usr/local/Cellar/neovim/0.7.0/share/nvim/runtime/ftplugin.vim
009.838  000.037  000.037: sourcing /usr/local/Cellar/neovim/0.7.0/share/nvim/runtime/indent.vim
021.799  011.782  011.782: sourcing /Users/niranjansankar/.config/nvim/init.lua
021.846  002.306: sourcing vimrc file(s)
022.573  000.120  000.120: sourcing /usr/local/Cellar/neovim/0.7.0/share/nvim/runtime/filetype.lua
030.745  000.046  000.046: sourcing /Users/niranjansankar/.local/share/nvim/site/pack/packer/start/vim-fugitive/ftdetect/fugitive.vim
031.357  008.681  008.635: sourcing /usr/local/Cellar/neovim/0.7.0/share/nvim/runtime/filetype.vim
032.127  000.192  000.192: sourcing /usr/local/Cellar/neovim/0.7.0/share/nvim/runtime/syntax/synload.vim
032.362  000.833  000.640: sourcing /usr/local/Cellar/neovim/0.7.0/share/nvim/runtime/syntax/syntax.vim
037.069  000.457  000.457: sourcing /usr/local/Cellar/neovim/0.7.0/share/nvim/runtime/plugin/gzip.vim
037.258  000.039  000.039: sourcing /usr/local/Cellar/neovim/0.7.0/share/nvim/runtime/plugin/health.vim
037.537  000.183  000.183: sourcing /usr/local/Cellar/neovim/0.7.0/share/nvim/runtime/plugin/man.vim
039.456  000.265  000.265: sourcing /usr/local/Cellar/neovim/0.7.0/share/nvim/runtime/pack/dist/opt/matchit/plugin/matchit.vim
039.731  002.099  001.834: sourcing /usr/local/Cellar/neovim/0.7.0/share/nvim/runtime/plugin/matchit.vim
040.026  000.204  000.204: sourcing /usr/local/Cellar/neovim/0.7.0/share/nvim/runtime/plugin/matchparen.vim
040.595  000.478  000.478: sourcing /usr/local/Cellar/neovim/0.7.0/share/nvim/runtime/plugin/netrwPlugin.vim
041.034  000.046  000.046: sourcing /Users/niranjansankar/.local/share/nvim/rplugin.vim
041.046  000.319  000.273: sourcing /usr/local/Cellar/neovim/0.7.0/share/nvim/runtime/plugin/rplugin.vim
041.253  000.116  000.116: sourcing /usr/local/Cellar/neovim/0.7.0/share/nvim/runtime/plugin/shada.vim
041.391  000.041  000.041: sourcing /usr/local/Cellar/neovim/0.7.0/share/nvim/runtime/plugin/spellfile.vim
041.625  000.140  000.140: sourcing /usr/local/Cellar/neovim/0.7.0/share/nvim/runtime/plugin/tarPlugin.vim
041.835  000.109  000.109: sourcing /usr/local/Cellar/neovim/0.7.0/share/nvim/runtime/plugin/tohtml.vim
041.957  000.032  000.032: sourcing /usr/local/Cellar/neovim/0.7.0/share/nvim/runtime/plugin/tutor.vim
042.262  000.196  000.196: sourcing /usr/local/Cellar/neovim/0.7.0/share/nvim/runtime/plugin/zipPlugin.vim
050.687  000.521  000.521: sourcing /Users/niranjansankar/.local/share/nvim/site/pack/packer/start/vim-sandwich/autoload/sandwich.vim
067.184  003.335  003.335: sourcing /Users/niranjansankar/.local/share/nvim/site/pack/packer/start/kanagawa.nvim/colors/kanagawa.vim
113.252  070.658  066.802: sourcing /Users/niranjansankar/.config/nvim/plugin/packer_compiled.lua
114.407  007.855: loading rtp plugins
116.485  000.267  000.267: sourcing /Users/niranjansankar/.local/share/nvim/site/pack/packer/start/dashboard-nvim/plugin/dashboard.vim
117.272  000.099  000.099: sourcing /Users/niranjansankar/.local/share/nvim/site/pack/packer/start/dressing.nvim/plugin/dressing.lua
118.382  000.048  000.048: sourcing /Users/niranjansankar/.local/share/nvim/site/pack/packer/start/nightfox.nvim/plugin/nightfox.vim
119.044  000.057  000.057: sourcing /Users/niranjansankar/.local/share/nvim/site/pack/packer/start/nvim-web-devicons/plugin/nvim-web-devicons.vim
119.696  000.054  000.054: sourcing /Users/niranjansankar/.local/share/nvim/site/pack/packer/start/plenary.nvim/plugin/plenary.vim
120.423  000.332  000.332: sourcing /Users/niranjansankar/.local/share/nvim/site/pack/packer/start/quick-scope/plugin/quick_scope.vim
121.599  000.065  000.065: sourcing /Users/niranjansankar/.local/share/nvim/site/pack/packer/start/toggleterm.nvim/plugin/toggleterm.vim
122.759  000.656  000.656: sourcing /Users/niranjansankar/.local/share/nvim/site/pack/packer/start/vim-abolish/plugin/abolish.vim
124.418  001.134  001.134: sourcing /Users/niranjansankar/.local/share/nvim/site/pack/packer/start/vim-fugitive/plugin/fugitive.vim
124.942  000.117  000.117: sourcing /Users/niranjansankar/.local/share/nvim/site/pack/packer/start/vim-illuminate/plugin/illuminate.vim
126.140  000.302  000.302: sourcing /Users/niranjansankar/.local/share/nvim/site/pack/packer/start/vim-sandwich/plugin/operator/sandwich.vim
126.410  000.188  000.188: sourcing /Users/niranjansankar/.local/share/nvim/site/pack/packer/start/vim-sandwich/plugin/sandwich.vim
126.630  000.133  000.133: sourcing /Users/niranjansankar/.local/share/nvim/site/pack/packer/start/vim-sandwich/plugin/textobj/sandwich.vim
127.278  000.025  000.025: sourcing /Users/niranjansankar/.local/share/nvim/site/pack/packer/start/which-key.nvim/plugin/which-key.vim
127.616  009.731: loading packages
127.678  000.062: loading after plugins
127.688  000.010: inits 3
131.369  003.681: reading ShaDa
131.446  000.077: opening buffers
132.021  000.246  000.246: sourcing /Users/niranjansankar/.local/share/nvim/site/pack/packer/start/quick-scope/autoload/quick_scope.vim
132.062  000.370: BufEnter autocommands
132.064  000.002: editing files in windows
146.586  000.042  000.042: sourcing /Users/niranjansankar/.local/share/nvim/site/pack/packer/opt/specs.nvim/plugin/specs.vim
149.619  001.803  001.803: sourcing /Users/niranjansankar/.local/share/nvim/site/pack/packer/opt/nvim-treesitter/plugin/nvim-treesitter.lua
353.161  000.138  000.138: sourcing /Users/niranjansankar/.local/share/nvim/site/pack/packer/start/dashboard-nvim/autoload/dashboard.vim
353.404  000.035  000.035: sourcing /Users/niranjansankar/.local/share/nvim/site/pack/packer/start/dashboard-nvim/autoload/dashboard/utils.vim
353.837  000.189  000.189: sourcing /Users/niranjansankar/.local/share/nvim/site/pack/packer/start/dashboard-nvim/autoload/dashboard/section.vim
357.638  000.084  000.084: sourcing /Users/niranjansankar/.local/share/nvim/site/pack/packer/start/dashboard-nvim/syntax/dashboard.vim
358.698  224.343: VimEnter autocommands
358.701  000.003: UIEnter autocommands
358.702  000.001: before starting main loop
359.211  000.123  000.123: sourcing /Users/niranjansankar/.local/share/nvim/site/pack/packer/start/vim-illuminate/autoload/illuminate.vim
364.039  005.214: first screen update
364.042  000.003: --- NVIM STARTED ---
